Построение начато 24.09.2013 18:10:02.
     1>Проект "c:\Проекты Си ++\olololol laba\olololol laba\olololol laba.vcxproj" в узле 2 (целевые объекты build).
     1>InitializeBuildStatus:
         Обращение к "Debug\olololol laba.unsuccessfulbuild".
       ClCompile:
         c:\Program Files (x86)\Microsoft Visual Studio 10.0\VC\bin\CL.exe /c /ZI /nologo /W3 /WX- /Od /Oy- /D WIN32 /D _DEBUG /D _CONSOLE /D _UNICODE /D UNICODE /Gm /EHsc /RTC1 /MDd /GS /fp:precise /Zc:wchar_t /Zc:forScope /Fo"Debug\\" /Fd"Debug\vc100.pdb" /Gd /TP /analyze- /errorReport:prompt main.cpp matrix.cpp
         matrix.cpp
         main.cpp
     1>c:\проекты си ++\olololol laba\olololol laba\main.cpp(8): warning C4244: аргумент: преобразование "time_t" в "unsigned int", возможна потеря данных
         Создание кода...
       ManifestResourceCompile:
         Для всех выходных данных обновления не требуется.
       Link:
         c:\Program Files (x86)\Microsoft Visual Studio 10.0\VC\bin\link.exe /ERRORREPORT:PROMPT /OUT:"c:\Проекты Си ++\olololol laba\Debug\olololol laba.exe" /INCREMENTAL /NOLOGO kernel32.lib user32.lib gdi32.lib winspool.lib comdlg32.lib advapi32.lib shell32.lib ole32.lib oleaut32.lib uuid.lib odbc32.lib odbccp32.lib /MANIFEST /ManifestFile:"Debug\olololol laba.exe.intermediate.manifest" /MANIFESTUAC:"level='asInvoker' uiAccess='false'" /DEBUG /PDB:"c:\Проекты Си ++\olololol laba\Debug\olololol laba.pdb" /SUBSYSTEM:CONSOLE /TLBID:1 /DYNAMICBASE /NXCOMPAT /IMPLIB:"c:\Проекты Си ++\olololol laba\Debug\olololol laba.lib" /MACHINE:X86 "Debug\olololol laba.exe.embed.manifest.res"
         Debug\main.obj
         Debug\matrix.obj
       Manifest:
         C:\Program Files (x86)\Microsoft SDKs\Windows\v7.0A\bin\mt.exe /nologo /verbose /out:"Debug\olololol laba.exe.embed.manifest" /manifest "Debug\olololol laba.exe.intermediate.manifest"
         Для всех выходных данных обновления не требуется.
       LinkEmbedManifest:
         Для всех выходных данных обновления не требуется.
         olololol laba.vcxproj -> c:\Проекты Си ++\olololol laba\Debug\olololol laba.exe
       FinalizeBuildStatus:
         Файл "Debug\olololol laba.unsuccessfulbuild" удаляется.
         Обращение к "Debug\olololol laba.lastbuildstate".
     1>Построение проекта "c:\Проекты Си ++\olololol laba\olololol laba\olololol laba.vcxproj" завершено (целевые объекты build).

Построение успешно завершено.

Затраченное время: 00:00:04.37
